0 info it worked if it ends with ok
1 verbose cli [ '/usr/bin/node', '/usr/bin/npm', 'install', 'methodOverride' ]
2 info using npm@1.4.28
3 info using node@v0.10.33
4 verbose node symlink /usr/bin/node
5 verbose readDependencies using package.json deps
6 verbose cache add [ 'methodOverride', null ]
7 verbose cache add name=undefined spec="methodOverride" args=["methodOverride",null]
8 verbose parsed url { protocol: null,
8 verbose parsed url   slashes: null,
8 verbose parsed url   auth: null,
8 verbose parsed url   host: null,
8 verbose parsed url   port: null,
8 verbose parsed url   hostname: null,
8 verbose parsed url   hash: null,
8 verbose parsed url   search: null,
8 verbose parsed url   query: null,
8 verbose parsed url   pathname: 'methodOverride',
8 verbose parsed url   path: 'methodOverride',
8 verbose parsed url   href: 'methodOverride' }
9 silly lockFile 106534e5-methodOverride methodOverride
10 verbose lock methodOverride /home/ssladmin/.npm/106534e5-methodOverride.lock
11 silly lockFile 106534e5-methodOverride methodOverride
12 silly lockFile 106534e5-methodOverride methodOverride
13 verbose addNamed [ 'methodOverride', '' ]
14 verbose addNamed [ null, '*' ]
15 silly lockFile 70c5ec60-methodOverride methodOverride@
16 verbose lock methodOverride@ /home/ssladmin/.npm/70c5ec60-methodOverride.lock
17 silly addNameRange { name: 'methodOverride', range: '*', hasData: false }
18 verbose request where is /methodOverride
19 verbose request registry https://registry.npmjs.org/
20 verbose request id d8ce78334c78b20f
21 verbose url raw /methodOverride
22 verbose url resolving [ 'https://registry.npmjs.org/', './methodOverride' ]
23 verbose url resolved https://registry.npmjs.org/methodOverride
24 verbose request where is https://registry.npmjs.org/methodOverride
25 info trying registry request attempt 1 at 00:34:34
26 http GET https://registry.npmjs.org/methodOverride
27 http 404 https://registry.npmjs.org/methodOverride
28 verbose headers { date: 'Thu, 13 Nov 2014 19:15:26 GMT',
28 verbose headers   server: 'CouchDB/1.5.0 (Erlang OTP/R16B03)',
28 verbose headers   'content-type': 'application/json',
28 verbose headers   'cache-control': 'max-age=0',
28 verbose headers   'content-length': '52',
28 verbose headers   'accept-ranges': 'bytes',
28 verbose headers   via: '1.1 varnish',
28 verbose headers   age: '0',
28 verbose headers   'x-served-by': 'cache-lax1427-LAX',
28 verbose headers   'x-cache': 'MISS',
28 verbose headers   'x-cache-hits': '0',
28 verbose headers   'x-timer': 'S1415906126.392324,VS0,VE76',
28 verbose headers   'keep-alive': 'timeout=10, max=50',
28 verbose headers   connection: 'Keep-Alive' }
29 silly registry.get cb [ 404,
29 silly registry.get   { date: 'Thu, 13 Nov 2014 19:15:26 GMT',
29 silly registry.get     server: 'CouchDB/1.5.0 (Erlang OTP/R16B03)',
29 silly registry.get     'content-type': 'application/json',
29 silly registry.get     'cache-control': 'max-age=0',
29 silly registry.get     'content-length': '52',
29 silly registry.get     'accept-ranges': 'bytes',
29 silly registry.get     via: '1.1 varnish',
29 silly registry.get     age: '0',
29 silly registry.get     'x-served-by': 'cache-lax1427-LAX',
29 silly registry.get     'x-cache': 'MISS',
29 silly registry.get     'x-cache-hits': '0',
29 silly registry.get     'x-timer': 'S1415906126.392324,VS0,VE76',
29 silly registry.get     'keep-alive': 'timeout=10, max=50',
29 silly registry.get     connection: 'Keep-Alive' } ]
30 silly lockFile 70c5ec60-methodOverride methodOverride@
31 silly lockFile 70c5ec60-methodOverride methodOverride@
32 error 404 404 Not Found: methodOverride
32 error 404
32 error 404 'methodOverride' is not in the npm registry.
32 error 404 You should bug the author to publish it
32 error 404 It was specified as a dependency of 'node-blog'
32 error 404
32 error 404 Note that you can also install from a
32 error 404 tarball, folder, or http url, or git url.
33 error System Linux 3.13.0-27-generic
34 error command "/usr/bin/node" "/usr/bin/npm" "install" "methodOverride"
35 error cwd /home/ssladmin/araj/node-blog
36 error node -v v0.10.33
37 error npm -v 1.4.28
38 error code E404
39 verbose exit [ 1, true ]
